2014-08-18 08:46:45.032 HelloWorld[2817:70b] Multi-tasking -> Device: YES, App: YES
2014-08-18 08:46:45.062 HelloWorld[2817:70b] Unlimited access to network resources
2014-08-18 08:46:45.065 HelloWorld[2817:70b] 

Started backup to iCloud! Please be careful.
Your application might rejected by Apple if you store too much data.
For more information please read "iOS Data Storage Guidelines"
You could find it at the following address https://developer.apple.com/icloud/documentation/data-storage/ .

2014-08-18 08:46:45.433 HelloWorld[2817:70b] Resetting plugins due to page load.
2014-08-18 08:46:45.541 HelloWorld[2817:70b] Finished load of: file:///Users/jbworth/Library/Application%20Support/iPhone%20Simulator/7.1/Applications/416FBDA8-2AF1-4D85-9E8C-9B1FB15F57F0/HelloWorld.app/www/index.html
Terminating in response to SpringBoard's termination.
2014-08-19 09:38:56.726 HelloWorld[2594:70b] Multi-tasking -> Device: YES, App: YES
2014-08-19 09:38:56.784 HelloWorld[2594:70b] Unlimited access to network resources
2014-08-19 09:38:56.788 HelloWorld[2594:70b] 

Started backup to iCloud! Please be careful.
Your application might rejected by Apple if you store too much data.
For more information please read "iOS Data Storage Guidelines"
You could find it at the following address https://developer.apple.com/icloud/documentation/data-storage/ .

2014-08-19 09:38:57.133 HelloWorld[2594:70b] Resetting plugins due to page load.
2014-08-19 09:38:57.879 HelloWorld[2594:70b] Finished load of: file:///Users/jbworth/Library/Application%20Support/iPhone%20Simulator/7.1/Applications/416FBDA8-2AF1-4D85-9E8C-9B1FB15F57F0/HelloWorld.app/www/index.html
2014-08-25 20:22:12.077 HelloWorld[1322:70b] Multi-tasking -> Device: YES, App: YES
2014-08-25 20:22:12.103 HelloWorld[1322:70b] Unlimited access to network resources
2014-08-25 20:22:12.107 HelloWorld[1322:70b] 

Started backup to iCloud! Please be careful.
Your application might rejected by Apple if you store too much data.
For more information please read "iOS Data Storage Guidelines"
You could find it at the following address https://developer.apple.com/icloud/documentation/data-storage/ .

2014-08-25 20:22:12.416 HelloWorld[1322:70b] Resetting plugins due to page load.
2014-08-25 20:49:37.255 HelloWorld[1874:70b] Multi-tasking -> Device: YES, App: YES
2014-08-25 20:49:37.262 HelloWorld[1874:70b] Unlimited access to network resources
2014-08-25 20:49:37.265 HelloWorld[1874:70b] 

Started backup to iCloud! Please be careful.
Your application might rejected by Apple if you store too much data.
For more information please read "iOS Data Storage Guidelines"
You could find it at the following address https://developer.apple.com/icloud/documentation/data-storage/ .

2014-08-25 20:49:37.318 HelloWorld[1874:70b] Resetting plugins due to page load.
2014-08-25 21:02:26.934 HelloWorld[2415:70b] Multi-tasking -> Device: YES, App: YES
2014-08-25 21:02:26.940 HelloWorld[2415:70b] Unlimited access to network resources
2014-08-25 21:02:26.943 HelloWorld[2415:70b] 

Started backup to iCloud! Please be careful.
Your application might rejected by Apple if you store too much data.
For more information please read "iOS Data Storage Guidelines"
You could find it at the following address https://developer.apple.com/icloud/documentation/data-storage/ .

2014-08-25 21:02:27.032 HelloWorld[2415:70b] Resetting plugins due to page load.
2014-08-25 21:04:29.020 HelloWorld[2713:70b] Multi-tasking -> Device: YES, App: YES
2014-08-25 21:04:29.027 HelloWorld[2713:70b] Unlimited access to network resources
2014-08-25 21:04:29.029 HelloWorld[2713:70b] 

Started backup to iCloud! Please be careful.
Your application might rejected by Apple if you store too much data.
For more information please read "iOS Data Storage Guidelines"
You could find it at the following address https://developer.apple.com/icloud/documentation/data-storage/ .

2014-08-25 21:04:29.087 HelloWorld[2713:70b] Resetting plugins due to page load.
2014-08-25 21:05:30.920 HelloWorld[3000:70b] Multi-tasking -> Device: YES, App: YES
2014-08-25 21:05:30.927 HelloWorld[3000:70b] Unlimited access to network resources
2014-08-25 21:05:30.930 HelloWorld[3000:70b] 

Started backup to iCloud! Please be careful.
Your application might rejected by Apple if you store too much data.
For more information please read "iOS Data Storage Guidelines"
You could find it at the following address https://developer.apple.com/icloud/documentation/data-storage/ .

2014-08-25 21:05:30.981 HelloWorld[3000:70b] Resetting plugins due to page load.
2014-08-25 21:06:37.456 HelloWorld[3299:70b] Multi-tasking -> Device: YES, App: YES
2014-08-25 21:06:37.465 HelloWorld[3299:70b] Unlimited access to network resources
2014-08-25 21:06:37.467 HelloWorld[3299:70b] 

Started backup to iCloud! Please be careful.
Your application might rejected by Apple if you store too much data.
For more information please read "iOS Data Storage Guidelines"
You could find it at the following address https://developer.apple.com/icloud/documentation/data-storage/ .

2014-08-25 21:06:37.522 HelloWorld[3299:70b] Resetting plugins due to page load.
2014-08-25 21:07:55.551 HelloWorld[3594:70b] Multi-tasking -> Device: YES, App: YES
2014-08-25 21:07:55.561 HelloWorld[3594:70b] Unlimited access to network resources
2014-08-25 21:07:55.563 HelloWorld[3594:70b] 

Started backup to iCloud! Please be careful.
Your application might rejected by Apple if you store too much data.
For more information please read "iOS Data Storage Guidelines"
You could find it at the following address https://developer.apple.com/icloud/documentation/data-storage/ .

2014-08-25 21:07:55.624 HelloWorld[3594:70b] Resetting plugins due to page load.
2014-08-25 21:10:01.616 HelloWorld[3896:70b] Multi-tasking -> Device: YES, App: YES
2014-08-25 21:10:01.624 HelloWorld[3896:70b] Unlimited access to network resources
2014-08-25 21:10:01.626 HelloWorld[3896:70b] 

Started backup to iCloud! Please be careful.
Your application might rejected by Apple if you store too much data.
For more information please read "iOS Data Storage Guidelines"
You could find it at the following address https://developer.apple.com/icloud/documentation/data-storage/ .

2014-08-25 21:10:01.671 HelloWorld[3896:70b] Resetting plugins due to page load.
2014-08-25 21:11:29.348 HelloWorld[4192:70b] Multi-tasking -> Device: YES, App: YES
2014-08-25 21:11:29.354 HelloWorld[4192:70b] Unlimited access to network resources
2014-08-25 21:11:29.357 HelloWorld[4192:70b] 

Started backup to iCloud! Please be careful.
Your application might rejected by Apple if you store too much data.
For more information please read "iOS Data Storage Guidelines"
You could find it at the following address https://developer.apple.com/icloud/documentation/data-storage/ .

2014-08-25 21:11:29.407 HelloWorld[4192:70b] Resetting plugins due to page load.
2014-08-25 21:13:25.852 HelloWorld[4495:70b] Multi-tasking -> Device: YES, App: YES
2014-08-25 21:13:25.860 HelloWorld[4495:70b] Unlimited access to network resources
2014-08-25 21:13:25.862 HelloWorld[4495:70b] 

Started backup to iCloud! Please be careful.
Your application might rejected by Apple if you store too much data.
For more information please read "iOS Data Storage Guidelines"
You could find it at the following address https://developer.apple.com/icloud/documentation/data-storage/ .

2014-08-25 21:13:25.914 HelloWorld[4495:70b] Resetting plugins due to page load.
2014-08-25 21:14:39.051 HelloWorld[4783:70b] Multi-tasking -> Device: YES, App: YES
2014-08-25 21:14:39.058 HelloWorld[4783:70b] Unlimited access to network resources
2014-08-25 21:14:39.061 HelloWorld[4783:70b] 

Started backup to iCloud! Please be careful.
Your application might rejected by Apple if you store too much data.
For more information please read "iOS Data Storage Guidelines"
You could find it at the following address https://developer.apple.com/icloud/documentation/data-storage/ .

2014-08-25 21:14:39.118 HelloWorld[4783:70b] Resetting plugins due to page load.
2014-08-25 21:25:29.694 HelloWorld[5161:70b] Multi-tasking -> Device: YES, App: YES
2014-08-25 21:25:29.701 HelloWorld[5161:70b] Unlimited access to network resources
2014-08-25 21:25:29.703 HelloWorld[5161:70b] 

Started backup to iCloud! Please be careful.
Your application might rejected by Apple if you store too much data.
For more information please read "iOS Data Storage Guidelines"
You could find it at the following address https://developer.apple.com/icloud/documentation/data-storage/ .

2014-08-25 21:25:29.763 HelloWorld[5161:70b] Resetting plugins due to page load.
2014-08-25 21:26:59.995 HelloWorld[5457:70b] Multi-tasking -> Device: YES, App: YES
2014-08-25 21:27:00.005 HelloWorld[5457:70b] Unlimited access to network resources
2014-08-25 21:27:00.019 HelloWorld[5457:70b] 

Started backup to iCloud! Please be careful.
Your application might rejected by Apple if you store too much data.
For more information please read "iOS Data Storage Guidelines"
You could find it at the following address https://developer.apple.com/icloud/documentation/data-storage/ .

2014-08-25 21:27:00.068 HelloWorld[5457:70b] Resetting plugins due to page load.
2014-08-25 21:28:27.581 HelloWorld[5755:70b] Multi-tasking -> Device: YES, App: YES
2014-08-25 21:28:27.589 HelloWorld[5755:70b] Unlimited access to network resources
2014-08-25 21:28:27.591 HelloWorld[5755:70b] 

Started backup to iCloud! Please be careful.
Your application might rejected by Apple if you store too much data.
For more information please read "iOS Data Storage Guidelines"
You could find it at the following address https://developer.apple.com/icloud/documentation/data-storage/ .

2014-08-25 21:28:27.644 HelloWorld[5755:70b] Resetting plugins due to page load.
2014-08-25 21:30:50.734 HelloWorld[6070:70b] Multi-tasking -> Device: YES, App: YES
2014-08-25 21:30:50.741 HelloWorld[6070:70b] Unlimited access to network resources
2014-08-25 21:30:50.743 HelloWorld[6070:70b] 

Started backup to iCloud! Please be careful.
Your application might rejected by Apple if you store too much data.
For more information please read "iOS Data Storage Guidelines"
You could find it at the following address https://developer.apple.com/icloud/documentation/data-storage/ .

2014-08-25 21:30:50.789 HelloWorld[6070:70b] Resetting plugins due to page load.
2014-08-25 21:35:24.515 HelloWorld[6397:70b] Multi-tasking -> Device: YES, App: YES
2014-08-25 21:35:24.522 HelloWorld[6397:70b] Unlimited access to network resources
2014-08-25 21:35:24.524 HelloWorld[6397:70b] 

Started backup to iCloud! Please be careful.
Your application might rejected by Apple if you store too much data.
For more information please read "iOS Data Storage Guidelines"
You could find it at the following address https://developer.apple.com/icloud/documentation/data-storage/ .

2014-08-25 21:35:24.580 HelloWorld[6397:70b] Resetting plugins due to page load.
2014-08-25 21:37:10.398 HelloWorld[6700:70b] Multi-tasking -> Device: YES, App: YES
2014-08-25 21:37:10.412 HelloWorld[6700:70b] Unlimited access to network resources
2014-08-25 21:37:10.420 HelloWorld[6700:70b] 

Started backup to iCloud! Please be careful.
Your application might rejected by Apple if you store too much data.
For more information please read "iOS Data Storage Guidelines"
You could find it at the following address https://developer.apple.com/icloud/documentation/data-storage/ .

2014-08-25 21:37:10.506 HelloWorld[6700:70b] Resetting plugins due to page load.
2014-08-25 21:45:45.605 HelloWorld[7064:70b] Multi-tasking -> Device: YES, App: YES
2014-08-25 21:45:45.614 HelloWorld[7064:70b] Unlimited access to network resources
2014-08-25 21:45:45.617 HelloWorld[7064:70b] 

Started backup to iCloud! Please be careful.
Your application might rejected by Apple if you store too much data.
For more information please read "iOS Data Storage Guidelines"
You could find it at the following address https://developer.apple.com/icloud/documentation/data-storage/ .

2014-08-25 21:45:45.671 HelloWorld[7064:70b] Resetting plugins due to page load.
2014-08-25 21:47:33.729 HelloWorld[7363:70b] Multi-tasking -> Device: YES, App: YES
2014-08-25 21:47:33.739 HelloWorld[7363:70b] Unlimited access to network resources
2014-08-25 21:47:33.741 HelloWorld[7363:70b] 

Started backup to iCloud! Please be careful.
Your application might rejected by Apple if you store too much data.
For more information please read "iOS Data Storage Guidelines"
You could find it at the following address https://developer.apple.com/icloud/documentation/data-storage/ .

2014-08-25 21:47:33.791 HelloWorld[7363:70b] Resetting plugins due to page load.
2014-08-25 21:48:23.858 HelloWorld[7653:70b] Multi-tasking -> Device: YES, App: YES
2014-08-25 21:48:23.865 HelloWorld[7653:70b] Unlimited access to network resources
2014-08-25 21:48:23.868 HelloWorld[7653:70b] 

Started backup to iCloud! Please be careful.
Your application might rejected by Apple if you store too much data.
For more information please read "iOS Data Storage Guidelines"
You could find it at the following address https://developer.apple.com/icloud/documentation/data-storage/ .

2014-08-25 21:48:23.916 HelloWorld[7653:70b] Resetting plugins due to page load.
2014-08-25 21:49:12.348 HelloWorld[7941:70b] Multi-tasking -> Device: YES, App: YES
2014-08-25 21:49:12.355 HelloWorld[7941:70b] Unlimited access to network resources
2014-08-25 21:49:12.357 HelloWorld[7941:70b] 

Started backup to iCloud! Please be careful.
Your application might rejected by Apple if you store too much data.
For more information please read "iOS Data Storage Guidelines"
You could find it at the following address https://developer.apple.com/icloud/documentation/data-storage/ .

2014-08-25 21:49:12.404 HelloWorld[7941:70b] Resetting plugins due to page load.
2014-08-25 21:50:24.440 HelloWorld[8234:70b] Multi-tasking -> Device: YES, App: YES
2014-08-25 21:50:24.447 HelloWorld[8234:70b] Unlimited access to network resources
2014-08-25 21:50:24.449 HelloWorld[8234:70b] 

Started backup to iCloud! Please be careful.
Your application might rejected by Apple if you store too much data.
For more information please read "iOS Data Storage Guidelines"
You could find it at the following address https://developer.apple.com/icloud/documentation/data-storage/ .

2014-08-25 21:50:24.494 HelloWorld[8234:70b] Resetting plugins due to page load.
2014-08-25 21:51:45.114 HelloWorld[8529:70b] Multi-tasking -> Device: YES, App: YES
2014-08-25 21:51:45.122 HelloWorld[8529:70b] Unlimited access to network resources
2014-08-25 21:51:45.124 HelloWorld[8529:70b] 

Started backup to iCloud! Please be careful.
Your application might rejected by Apple if you store too much data.
For more information please read "iOS Data Storage Guidelines"
You could find it at the following address https://developer.apple.com/icloud/documentation/data-storage/ .

2014-08-25 21:51:45.177 HelloWorld[8529:70b] Resetting plugins due to page load.
2014-08-25 21:53:17.200 HelloWorld[8826:70b] Multi-tasking -> Device: YES, App: YES
2014-08-25 21:53:17.207 HelloWorld[8826:70b] Unlimited access to network resources
2014-08-25 21:53:17.209 HelloWorld[8826:70b] 

Started backup to iCloud! Please be careful.
Your application might rejected by Apple if you store too much data.
For more information please read "iOS Data Storage Guidelines"
You could find it at the following address https://developer.apple.com/icloud/documentation/data-storage/ .

2014-08-25 21:53:17.265 HelloWorld[8826:70b] Resetting plugins due to page load.
2014-08-25 21:54:30.709 HelloWorld[9117:70b] Multi-tasking -> Device: YES, App: YES
2014-08-25 21:54:30.716 HelloWorld[9117:70b] Unlimited access to network resources
2014-08-25 21:54:30.718 HelloWorld[9117:70b] 

Started backup to iCloud! Please be careful.
Your application might rejected by Apple if you store too much data.
For more information please read "iOS Data Storage Guidelines"
You could find it at the following address https://developer.apple.com/icloud/documentation/data-storage/ .

2014-08-25 21:54:30.772 HelloWorld[9117:70b] Resetting plugins due to page load.
2014-08-25 21:56:07.703 HelloWorld[9412:70b] Multi-tasking -> Device: YES, App: YES
2014-08-25 21:56:07.712 HelloWorld[9412:70b] Unlimited access to network resources
2014-08-25 21:56:07.715 HelloWorld[9412:70b] 

Started backup to iCloud! Please be careful.
Your application might rejected by Apple if you store too much data.
For more information please read "iOS Data Storage Guidelines"
You could find it at the following address https://developer.apple.com/icloud/documentation/data-storage/ .

2014-08-25 21:56:07.776 HelloWorld[9412:70b] Resetting plugins due to page load.
2014-08-25 22:02:14.022 HelloWorld[9760:70b] Multi-tasking -> Device: YES, App: YES
2014-08-25 22:02:14.028 HelloWorld[9760:70b] Unlimited access to network resources
2014-08-25 22:02:14.030 HelloWorld[9760:70b] 

Started backup to iCloud! Please be careful.
Your application might rejected by Apple if you store too much data.
For more information please read "iOS Data Storage Guidelines"
You could find it at the following address https://developer.apple.com/icloud/documentation/data-storage/ .

2014-08-25 22:02:14.075 HelloWorld[9760:70b] Resetting plugins due to page load.
